<?xml version="1.0" encoding="UTF-8"?>
<!-- Generated by org.testng.reporters.JUnitReportReporter -->
<testsuite hostname="DESKTOP-GFCOMV2" failures="0" tests="1" name="recipe_pkg.RecipeScrapping" time="79.245" errors="0" timestamp="2023-04-24T22:50:52 EDT" skipped="0">
  <testcase classname="recipe_pkg.RecipeScrapping" name="recipeCard" time="79.245"/>
  <system-out/>
</testsuite> <!-- recipe_pkg.RecipeScrapping -->
